<?xml version="1.0" encoding="UTF-8"?>
<coverage generated="1638354202166" clover="3.2.0">
  <project timestamp="1638354202166" name="All files">
    <metrics statements="308" coveredstatements="266" conditionals="271" coveredconditionals="177" methods="48" coveredmethods="37" elements="627" coveredelements="480" complexity="0" loc="308" ncloc="308" packages="2" files="44" classes="44"/>
    <package name="src">
      <metrics statements="98" coveredstatements="94" conditionals="116" coveredconditionals="94" methods="20" coveredmethods="15"/>
      <file name="ceil.js" path="C:\projects\COMP.SE.200\COMP.SE.200-2021-2022-1\src\ceil.js">
        <metrics statements="1" coveredstatements="1" conditionals="0" coveredconditionals="0" methods="0" coveredmethods="0"/>
        <line num="22" count="2" type="stmt"/>
      </file>
      <file name="every.js" path="C:\projects\COMP.SE.200\COMP.SE.200-2021-2022-1\src\every.js">
        <metrics statements="7" coveredstatements="7" conditionals="4" coveredconditionals="4" methods="1" coveredmethods="1"/>
        <line num="23" count="8" type="stmt"/>
        <line num="24" count="8" type="cond" truecount="2" falsecount="0"/>
        <line num="26" count="8" type="stmt"/>
        <line num="27" count="17" type="cond" truecount="2" falsecount="0"/>
        <line num="28" count="5" type="stmt"/>
        <line num="31" count="3" type="stmt"/>
        <line num="36" count="2" type="stmt"/>
      </file>
      <file name="filter.js" path="C:\projects\COMP.SE.200\COMP.SE.200-2021-2022-1\src\filter.js">
        <metrics statements="9" coveredstatements="9" conditionals="4" coveredconditionals="4" methods="1" coveredmethods="1"/>
        <line num="25" count="8" type="stmt"/>
        <line num="26" count="8" type="stmt"/>
        <line num="27" count="8" type="cond" truecount="2" falsecount="0"/>
        <line num="28" count="8" type="stmt"/>
        <line num="30" count="8" type="stmt"/>
        <line num="31" count="21" type="stmt"/>
        <line num="32" count="21" type="cond" truecount="2" falsecount="0"/>
        <line num="33" count="10" type="stmt"/>
        <line num="36" count="8" type="stmt"/>
      </file>
      <file name="get.js" path="C:\projects\COMP.SE.200\COMP.SE.200-2021-2022-1\src\get.js">
        <metrics statements="2" coveredstatements="2" conditionals="4" coveredconditionals="4" methods="1" coveredmethods="1"/>
        <line num="28" count="9" type="cond" truecount="2" falsecount="0"/>
        <line num="29" count="9" type="cond" truecount="2" falsecount="0"/>
      </file>
      <file name="isArguments.js" path="C:\projects\COMP.SE.200\COMP.SE.200-2021-2022-1\src\isArguments.js">
        <metrics statements="1" coveredstatements="0" conditionals="2" coveredconditionals="0" methods="1" coveredmethods="0"/>
        <line num="20" count="0" type="cond" truecount="0" falsecount="2"/>
      </file>
      <file name="isArrayLike.js" path="C:\projects\COMP.SE.200\COMP.SE.200-2021-2022-1\src\isArrayLike.js">
        <metrics statements="1" coveredstatements="1" conditionals="3" coveredconditionals="3" methods="1" coveredmethods="1"/>
        <line num="27" count="14" type="cond" truecount="3" falsecount="0"/>
      </file>
      <file name="isBuffer.js" path="C:\projects\COMP.SE.200\COMP.SE.200-2021-2022-1\src\isBuffer.js">
        <metrics statements="6" coveredstatements="6" conditionals="17" coveredconditionals="14" methods="1" coveredmethods="0"/>
        <line num="4" count="2" type="cond" truecount="4" falsecount="0"/>
        <line num="7" count="2" type="cond" truecount="5" falsecount="0"/>
        <line num="10" count="2" type="cond" truecount="2" falsecount="0"/>
        <line num="13" count="2" type="cond" truecount="1" falsecount="1"/>
        <line num="16" count="2" type="cond" truecount="1" falsecount="1"/>
        <line num="33" count="2" type="cond" truecount="1" falsecount="1"/>
      </file>
      <file name="isLength.js" path="C:\projects\COMP.SE.200\COMP.SE.200-2021-2022-1\src\isLength.js">
        <metrics statements="2" coveredstatements="2" conditionals="4" coveredconditionals="1" methods="1" coveredmethods="1"/>
        <line num="2" count="2" type="stmt"/>
        <line num="29" count="14" type="cond" truecount="1" falsecount="3"/>
      </file>
      <file name="isObject.js" path="C:\projects\COMP.SE.200\COMP.SE.200-2021-2022-1\src\isObject.js">
        <metrics statements="2" coveredstatements="2" conditionals="3" coveredconditionals="3" methods="1" coveredmethods="1"/>
        <line num="25" count="13" type="stmt"/>
        <line num="26" count="13" type="cond" truecount="3" falsecount="0"/>
      </file>
      <file name="isObjectLike.js" path="C:\projects\COMP.SE.200\COMP.SE.200-2021-2022-1\src\isObjectLike.js">
        <metrics statements="1" coveredstatements="0" conditionals="2" coveredconditionals="0" methods="1" coveredmethods="0"/>
        <line num="24" count="0" type="cond" truecount="0" falsecount="2"/>
      </file>
      <file name="isSymbol.js" path="C:\projects\COMP.SE.200\COMP.SE.200-2021-2022-1\src\isSymbol.js">
        <metrics statements="2" coveredstatements="2" conditionals="4" coveredconditionals="4" methods="1" coveredmethods="1"/>
        <line num="19" count="19" type="stmt"/>
        <line num="20" count="19" type="cond" truecount="4" falsecount="0"/>
      </file>
      <file name="isTypedArray.js" path="C:\projects\COMP.SE.200\COMP.SE.200-2021-2022-1\src\isTypedArray.js">
        <metrics statements="5" coveredstatements="3" conditionals="6" coveredconditionals="3" methods="2" coveredmethods="0"/>
        <line num="6" count="2" type="stmt"/>
        <line num="9" count="2" type="cond" truecount="2" falsecount="0"/>
        <line num="26" count="2" type="cond" truecount="1" falsecount="1"/>
        <line num="27" count="0" type="stmt"/>
        <line num="28" count="0" type="cond" truecount="0" falsecount="2"/>
      </file>
      <file name="keys.js" path="C:\projects\COMP.SE.200\COMP.SE.200-2021-2022-1\src\keys.js">
        <metrics statements="1" coveredstatements="1" conditionals="2" coveredconditionals="1" methods="1" coveredmethods="1"/>
        <line num="32" count="7" type="cond" truecount="1" falsecount="1"/>
      </file>
      <file name="memoize.js" path="C:\projects\COMP.SE.200\COMP.SE.200-2021-2022-1\src\memoize.js">
        <metrics statements="13" coveredstatements="13" conditionals="13" coveredconditionals="11" methods="2" coveredmethods="2"/>
        <line num="44" count="5" type="cond" truecount="5" falsecount="0"/>
        <line num="45" count="1" type="stmt"/>
        <line num="47" count="4" type="stmt"/>
        <line num="48" count="11" type="cond" truecount="2" falsecount="0"/>
        <line num="49" count="11" type="stmt"/>
        <line num="51" count="11" type="cond" truecount="2" falsecount="0"/>
        <line num="52" count="1" type="stmt"/>
        <line num="54" count="10" type="stmt"/>
        <line num="55" count="10" type="cond" truecount="1" falsecount="1"/>
        <line num="56" count="10" type="stmt"/>
        <line num="58" count="4" type="cond" truecount="1" falsecount="1"/>
        <line num="59" count="4" type="stmt"/>
        <line num="62" count="3" type="stmt"/>
      </file>
      <file name="reduce.js" path="C:\projects\COMP.SE.200\COMP.SE.200-2021-2022-1\src\reduce.js">
        <metrics statements="3" coveredstatements="3" conditionals="2" coveredconditionals="2" methods="1" coveredmethods="1"/>
        <line num="40" count="10" type="cond" truecount="2" falsecount="0"/>
        <line num="41" count="10" type="stmt"/>
        <line num="42" count="10" type="stmt"/>
      </file>
      <file name="slice.js" path="C:\projects\COMP.SE.200\COMP.SE.200-2021-2022-1\src\slice.js">
        <metrics statements="16" coveredstatements="16" conditionals="16" coveredconditionals="16" methods="1" coveredmethods="1"/>
        <line num="22" count="14" type="cond" truecount="2" falsecount="0"/>
        <line num="23" count="14" type="cond" truecount="2" falsecount="0"/>
        <line num="24" count="2" type="stmt"/>
        <line num="26" count="12" type="cond" truecount="2" falsecount="0"/>
        <line num="27" count="12" type="cond" truecount="2" falsecount="0"/>
        <line num="29" count="12" type="cond" truecount="2" falsecount="0"/>
        <line num="30" count="2" type="cond" truecount="2" falsecount="0"/>
        <line num="32" count="12" type="cond" truecount="2" falsecount="0"/>
        <line num="33" count="2" type="stmt"/>
        <line num="35" count="12" type="cond" truecount="2" falsecount="0"/>
        <line num="36" count="12" type="stmt"/>
        <line num="38" count="12" type="stmt"/>
        <line num="39" count="12" type="stmt"/>
        <line num="40" count="12" type="stmt"/>
        <line num="41" count="33" type="stmt"/>
        <line num="43" count="12" type="stmt"/>
      </file>
      <file name="toNumber.js" path="C:\projects\COMP.SE.200\COMP.SE.200-2021-2022-1\src\toNumber.js">
        <metrics statements="18" coveredstatements="18" conditionals="22" coveredconditionals="16" methods="1" coveredmethods="1"/>
        <line num="5" count="2" type="stmt"/>
        <line num="8" count="2" type="stmt"/>
        <line num="11" count="2" type="stmt"/>
        <line num="14" count="2" type="stmt"/>
        <line num="17" count="2" type="stmt"/>
        <line num="20" count="2" type="stmt"/>
        <line num="45" count="12" type="cond" truecount="2" falsecount="0"/>
        <line num="46" count="1" type="stmt"/>
        <line num="48" count="11" type="cond" truecount="2" falsecount="0"/>
        <line num="49" count="1" type="stmt"/>
        <line num="51" count="10" type="cond" truecount="2" falsecount="0"/>
        <line num="52" count="3" type="cond" truecount="1" falsecount="1"/>
        <line num="53" count="3" type="cond" truecount="2" falsecount="0"/>
        <line num="55" count="10" type="cond" truecount="2" falsecount="0"/>
        <line num="56" count="2" type="cond" truecount="1" falsecount="1"/>
        <line num="58" count="8" type="stmt"/>
        <line num="59" count="8" type="stmt"/>
        <line num="60" count="8" type="cond" truecount="3" falsecount="1"/>
      </file>
      <file name="upperFirst.js" path="C:\projects\COMP.SE.200\COMP.SE.200-2021-2022-1\src\upperFirst.js">
        <metrics statements="1" coveredstatements="1" conditionals="0" coveredconditionals="0" methods="0" coveredmethods="0"/>
        <line num="19" count="2" type="stmt"/>
      </file>
      <file name="words.js" path="C:\projects\COMP.SE.200\COMP.SE.200-2021-2022-1\src\words.js">
        <metrics statements="7" coveredstatements="7" conditionals="8" coveredconditionals="8" methods="2" coveredmethods="2"/>
        <line num="3" count="2" type="stmt"/>
        <line num="8" count="2" type="stmt"/>
        <line num="11" count="2" type="stmt"/>
        <line num="31" count="8" type="cond" truecount="2" falsecount="0"/>
        <line num="32" count="5" type="cond" truecount="2" falsecount="0"/>
        <line num="33" count="4" type="cond" truecount="2" falsecount="0"/>
        <line num="35" count="3" type="cond" truecount="2" falsecount="0"/>
      </file>
    </package>
    <package name="src..internal">
      <metrics statements="210" coveredstatements="172" conditionals="155" coveredconditionals="83" methods="28" coveredmethods="22"/>
      <file name="arrayLikeKeys.js" path="C:\projects\COMP.SE.200\COMP.SE.200-2021-2022-1\src\.internal\arrayLikeKeys.js">
        <metrics statements="15" coveredstatements="1" conditionals="25" coveredconditionals="0" methods="1" coveredmethods="0"/>
        <line num="7" count="2" type="stmt"/>
        <line num="18" count="0" type="stmt"/>
        <line num="19" count="0" type="cond" truecount="0" falsecount="2"/>
        <line num="20" count="0" type="cond" truecount="0" falsecount="3"/>
        <line num="21" count="0" type="cond" truecount="0" falsecount="4"/>
        <line num="22" count="0" type="cond" truecount="0" falsecount="4"/>
        <line num="23" count="0" type="stmt"/>
        <line num="24" count="0" type="cond" truecount="0" falsecount="2"/>
        <line num="25" count="0" type="cond" truecount="0" falsecount="2"/>
        <line num="26" count="0" type="stmt"/>
        <line num="27" count="0" type="stmt"/>
        <line num="29" count="0" type="stmt"/>
        <line num="30" count="0" type="cond" truecount="0" falsecount="5"/>
        <line num="37" count="0" type="stmt"/>
        <line num="40" count="0" type="stmt"/>
      </file>
      <file name="arrayReduce.js" path="C:\projects\COMP.SE.200\COMP.SE.200-2021-2022-1\src\.internal\arrayReduce.js">
        <metrics statements="7" coveredstatements="7" conditionals="6" coveredconditionals="5" methods="1" coveredmethods="1"/>
        <line num="13" count="3" type="stmt"/>
        <line num="14" count="3" type="cond" truecount="1" falsecount="1"/>
        <line num="16" count="3" type="cond" truecount="4" falsecount="0"/>
        <line num="17" count="2" type="stmt"/>
        <line num="19" count="3" type="stmt"/>
        <line num="20" count="4" type="stmt"/>
        <line num="22" count="2" type="stmt"/>
      </file>
      <file name="asciiToArray.js" path="C:\projects\COMP.SE.200\COMP.SE.200-2021-2022-1\src\.internal\asciiToArray.js">
        <metrics statements="1" coveredstatements="0" conditionals="0" coveredconditionals="0" methods="1" coveredmethods="0"/>
        <line num="9" count="0" type="stmt"/>
      </file>
      <file name="baseEach.js" path="C:\projects\COMP.SE.200\COMP.SE.200-2021-2022-1\src\.internal\baseEach.js">
        <metrics statements="11" coveredstatements="3" conditionals="6" coveredconditionals="2" methods="1" coveredmethods="1"/>
        <line num="13" count="7" type="cond" truecount="1" falsecount="1"/>
        <line num="14" count="0" type="stmt"/>
        <line num="16" count="7" type="cond" truecount="1" falsecount="1"/>
        <line num="17" count="7" type="stmt"/>
        <line num="19" count="0" type="stmt"/>
        <line num="20" count="0" type="stmt"/>
        <line num="21" count="0" type="stmt"/>
        <line num="23" count="0" type="stmt"/>
        <line num="24" count="0" type="cond" truecount="0" falsecount="2"/>
        <line num="25" count="0" type="stmt"/>
        <line num="28" count="0" type="stmt"/>
      </file>
      <file name="baseFor.js" path="C:\projects\COMP.SE.200\COMP.SE.200-2021-2022-1\src\.internal\baseFor.js">
        <metrics statements="9" coveredstatements="8" conditionals="2" coveredconditionals="1" methods="1" coveredmethods="1"/>
        <line num="13" count="7" type="stmt"/>
        <line num="14" count="7" type="stmt"/>
        <line num="15" count="7" type="stmt"/>
        <line num="16" count="7" type="stmt"/>
        <line num="18" count="7" type="stmt"/>
        <line num="19" count="34" type="stmt"/>
        <line num="20" count="34" type="cond" truecount="1" falsecount="1"/>
        <line num="21" count="0" type="stmt"/>
        <line num="24" count="7" type="stmt"/>
      </file>
      <file name="baseForOwn.js" path="C:\projects\COMP.SE.200\COMP.SE.200-2021-2022-1\src\.internal\baseForOwn.js">
        <metrics statements="1" coveredstatements="1" conditionals="2" coveredconditionals="2" methods="1" coveredmethods="1"/>
        <line num="13" count="7" type="cond" truecount="2" falsecount="0"/>
      </file>
      <file name="baseGet.js" path="C:\projects\COMP.SE.200\COMP.SE.200-2021-2022-1\src\.internal\baseGet.js">
        <metrics statements="6" coveredstatements="6" conditionals="6" coveredconditionals="6" methods="1" coveredmethods="1"/>
        <line num="13" count="8" type="stmt"/>
        <line num="15" count="8" type="stmt"/>
        <line num="16" count="8" type="stmt"/>
        <line num="18" count="8" type="cond" truecount="2" falsecount="0"/>
        <line num="19" count="15" type="stmt"/>
        <line num="21" count="8" type="cond" truecount="4" falsecount="0"/>
      </file>
      <file name="baseReduce.js" path="C:\projects\COMP.SE.200\COMP.SE.200-2021-2022-1\src\.internal\baseReduce.js">
        <metrics statements="3" coveredstatements="3" conditionals="2" coveredconditionals="2" methods="2" coveredmethods="2"/>
        <line num="15" count="7" type="stmt"/>
        <line num="16" count="34" type="cond" truecount="2" falsecount="0"/>
        <line num="20" count="7" type="stmt"/>
      </file>
      <file name="castPath.js" path="C:\projects\COMP.SE.200\COMP.SE.200-2021-2022-1\src\.internal\castPath.js">
        <metrics statements="3" coveredstatements="3" conditionals="4" coveredconditionals="4" methods="1" coveredmethods="1"/>
        <line num="13" count="8" type="cond" truecount="2" falsecount="0"/>
        <line num="14" count="1" type="stmt"/>
        <line num="16" count="7" type="cond" truecount="2" falsecount="0"/>
      </file>
      <file name="castSlice.js" path="C:\projects\COMP.SE.200\COMP.SE.200-2021-2022-1\src\.internal\castSlice.js">
        <metrics statements="3" coveredstatements="0" conditionals="6" coveredconditionals="0" methods="1" coveredmethods="0"/>
        <line num="13" count="0" type="stmt"/>
        <line num="14" count="0" type="cond" truecount="0" falsecount="2"/>
        <line num="15" count="0" type="cond" truecount="0" falsecount="4"/>
      </file>
      <file name="createCaseFirst.js" path="C:\projects\COMP.SE.200\COMP.SE.200-2021-2022-1\src\.internal\createCaseFirst.js">
        <metrics statements="7" coveredstatements="6" conditionals="8" coveredconditionals="4" methods="2" coveredmethods="2"/>
        <line num="13" count="2" type="stmt"/>
        <line num="14" count="5" type="cond" truecount="1" falsecount="1"/>
        <line num="15" count="0" type="stmt"/>
        <line num="18" count="5" type="cond" truecount="1" falsecount="1"/>
        <line num="22" count="5" type="cond" truecount="1" falsecount="1"/>
        <line num="26" count="5" type="cond" truecount="1" falsecount="1"/>
        <line num="30" count="4" type="stmt"/>
      </file>
      <file name="createRound.js" path="C:\projects\COMP.SE.200\COMP.SE.200-2021-2022-1\src\.internal\createRound.js">
        <metrics statements="9" coveredstatements="9" conditionals="6" coveredconditionals="6" methods="2" coveredmethods="2"/>
        <line num="9" count="2" type="stmt"/>
        <line num="10" count="2" type="stmt"/>
        <line num="11" count="6" type="cond" truecount="4" falsecount="0"/>
        <line num="12" count="6" type="cond" truecount="2" falsecount="0"/>
        <line num="15" count="3" type="stmt"/>
        <line num="16" count="3" type="stmt"/>
        <line num="18" count="3" type="stmt"/>
        <line num="19" count="3" type="stmt"/>
        <line num="21" count="3" type="stmt"/>
      </file>
      <file name="freeGlobal.js" path="C:\projects\COMP.SE.200\COMP.SE.200-2021-2022-1\src\.internal\freeGlobal.js">
        <metrics statements="1" coveredstatements="1" conditionals="4" coveredconditionals="4" methods="0" coveredmethods="0"/>
        <line num="2" count="2" type="cond" truecount="4" falsecount="0"/>
      </file>
      <file name="getTag.js" path="C:\projects\COMP.SE.200\COMP.SE.200-2021-2022-1\src\.internal\getTag.js">
        <metrics statements="4" coveredstatements="3" conditionals="4" coveredconditionals="1" methods="1" coveredmethods="1"/>
        <line num="1" count="4" type="stmt"/>
        <line num="11" count="3" type="cond" truecount="1" falsecount="1"/>
        <line num="12" count="0" type="cond" truecount="0" falsecount="2"/>
        <line num="14" count="3" type="stmt"/>
      </file>
      <file name="hasUnicode.js" path="C:\projects\COMP.SE.200\COMP.SE.200-2021-2022-1\src\.internal\hasUnicode.js">
        <metrics statements="11" coveredstatements="11" conditionals="0" coveredconditionals="0" methods="1" coveredmethods="1"/>
        <line num="2" count="2" type="stmt"/>
        <line num="3" count="2" type="stmt"/>
        <line num="4" count="2" type="stmt"/>
        <line num="5" count="2" type="stmt"/>
        <line num="6" count="2" type="stmt"/>
        <line num="7" count="2" type="stmt"/>
        <line num="8" count="2" type="stmt"/>
        <line num="9" count="2" type="stmt"/>
        <line num="12" count="2" type="stmt"/>
        <line num="15" count="2" type="stmt"/>
        <line num="25" count="5" type="stmt"/>
      </file>
      <file name="isIndex.js" path="C:\projects\COMP.SE.200\COMP.SE.200-2021-2022-1\src\.internal\isIndex.js">
        <metrics statements="5" coveredstatements="2" conditionals="9" coveredconditionals="0" methods="1" coveredmethods="0"/>
        <line num="2" count="2" type="stmt"/>
        <line num="5" count="2" type="stmt"/>
        <line num="16" count="0" type="stmt"/>
        <line num="17" count="0" type="cond" truecount="0" falsecount="2"/>
        <line num="19" count="0" type="cond" truecount="0" falsecount="7"/>
      </file>
      <file name="isKey.js" path="C:\projects\COMP.SE.200\COMP.SE.200-2021-2022-1\src\.internal\isKey.js">
        <metrics statements="8" coveredstatements="7" conditionals="12" coveredconditionals="11" methods="1" coveredmethods="1"/>
        <line num="4" count="2" type="stmt"/>
        <line num="5" count="2" type="stmt"/>
        <line num="16" count="7" type="cond" truecount="1" falsecount="1"/>
        <line num="17" count="0" type="stmt"/>
        <line num="19" count="7" type="stmt"/>
        <line num="20" count="7" type="cond" truecount="6" falsecount="0"/>
        <line num="21" count="2" type="stmt"/>
        <line num="23" count="5" type="cond" truecount="4" falsecount="0"/>
      </file>
      <file name="memoizeCapped.js" path="C:\projects\COMP.SE.200\COMP.SE.200-2021-2022-1\src\.internal\memoizeCapped.js">
        <metrics statements="7" coveredstatements="6" conditionals="2" coveredconditionals="1" methods="2" coveredmethods="2"/>
        <line num="4" count="2" type="stmt"/>
        <line num="15" count="2" type="stmt"/>
        <line num="16" count="5" type="stmt"/>
        <line num="17" count="5" type="cond" truecount="1" falsecount="1"/>
        <line num="18" count="0" type="stmt"/>
        <line num="20" count="5" type="stmt"/>
        <line num="23" count="2" type="stmt"/>
      </file>
      <file name="nodeTypes.js" path="C:\projects\COMP.SE.200\COMP.SE.200-2021-2022-1\src\.internal\nodeTypes.js">
        <metrics statements="8" coveredstatements="8" conditionals="21" coveredconditionals="17" methods="1" coveredmethods="1"/>
        <line num="4" count="2" type="cond" truecount="4" falsecount="0"/>
        <line num="7" count="2" type="cond" truecount="5" falsecount="0"/>
        <line num="10" count="2" type="cond" truecount="2" falsecount="0"/>
        <line num="13" count="2" type="cond" truecount="2" falsecount="0"/>
        <line num="16" count="2" type="stmt"/>
        <line num="17" count="2" type="stmt"/>
        <line num="20" count="2" type="cond" truecount="3" falsecount="0"/>
        <line num="21" count="2" type="cond" truecount="1" falsecount="1"/>
      </file>
      <file name="root.js" path="C:\projects\COMP.SE.200\COMP.SE.200-2021-2022-1\src\.internal\root.js">
        <metrics statements="3" coveredstatements="3" conditionals="12" coveredconditionals="6" methods="0" coveredmethods="0"/>
        <line num="5" count="2" type="cond" truecount="4" falsecount="0"/>
        <line num="8" count="2" type="cond" truecount="1" falsecount="3"/>
        <line num="11" count="2" type="cond" truecount="1" falsecount="3"/>
      </file>
      <file name="stringToArray.js" path="C:\projects\COMP.SE.200\COMP.SE.200-2021-2022-1\src\.internal\stringToArray.js">
        <metrics statements="1" coveredstatements="0" conditionals="2" coveredconditionals="0" methods="1" coveredmethods="0"/>
        <line num="13" count="0" type="cond" truecount="0" falsecount="2"/>
      </file>
      <file name="stringToPath.js" path="C:\projects\COMP.SE.200\COMP.SE.200-2021-2022-1\src\.internal\stringToPath.js">
        <metrics statements="15" coveredstatements="13" conditionals="6" coveredconditionals="4" methods="2" coveredmethods="2"/>
        <line num="3" count="2" type="stmt"/>
        <line num="4" count="2" type="stmt"/>
        <line num="5" count="2" type="stmt"/>
        <line num="26" count="2" type="stmt"/>
        <line num="27" count="5" type="stmt"/>
        <line num="28" count="5" type="cond" truecount="1" falsecount="1"/>
        <line num="29" count="0" type="stmt"/>
        <line num="31" count="5" type="stmt"/>
        <line num="32" count="13" type="stmt"/>
        <line num="33" count="13" type="cond" truecount="1" falsecount="1"/>
        <line num="34" count="0" type="stmt"/>
        <line num="36" count="13" type="cond" truecount="2" falsecount="0"/>
        <line num="37" count="5" type="stmt"/>
        <line num="39" count="13" type="stmt"/>
        <line num="41" count="5" type="stmt"/>
      </file>
      <file name="toKey.js" path="C:\projects\COMP.SE.200\COMP.SE.200-2021-2022-1\src\.internal\toKey.js">
        <metrics statements="5" coveredstatements="5" conditionals="8" coveredconditionals="7" methods="1" coveredmethods="1"/>
        <line num="4" count="2" type="stmt"/>
        <line num="14" count="15" type="cond" truecount="4" falsecount="0"/>
        <line num="15" count="12" type="stmt"/>
        <line num="17" count="3" type="stmt"/>
        <line num="18" count="3" type="cond" truecount="3" falsecount="1"/>
      </file>
      <file name="unicodeToArray.js" path="C:\projects\COMP.SE.200\COMP.SE.200-2021-2022-1\src\.internal\unicodeToArray.js">
        <metrics statements="24" coveredstatements="23" conditionals="2" coveredconditionals="0" methods="1" coveredmethods="0"/>
        <line num="2" count="2" type="stmt"/>
        <line num="3" count="2" type="stmt"/>
        <line num="4" count="2" type="stmt"/>
        <line num="5" count="2" type="stmt"/>
        <line num="6" count="2" type="stmt"/>
        <line num="7" count="2" type="stmt"/>
        <line num="8" count="2" type="stmt"/>
        <line num="9" count="2" type="stmt"/>
        <line num="12" count="2" type="stmt"/>
        <line num="13" count="2" type="stmt"/>
        <line num="14" count="2" type="stmt"/>
        <line num="15" count="2" type="stmt"/>
        <line num="16" count="2" type="stmt"/>
        <line num="17" count="2" type="stmt"/>
        <line num="18" count="2" type="stmt"/>
        <line num="19" count="2" type="stmt"/>
        <line num="22" count="2" type="stmt"/>
        <line num="23" count="2" type="stmt"/>
        <line num="24" count="2" type="stmt"/>
        <line num="25" count="2" type="stmt"/>
        <line num="26" count="2" type="stmt"/>
        <line num="27" count="2" type="stmt"/>
        <line num="30" count="2" type="stmt"/>
        <line num="40" count="0" type="cond" truecount="0" falsecount="2"/>
      </file>
      <file name="unicodeWords.js" path="C:\projects\COMP.SE.200\COMP.SE.200-2021-2022-1\src\.internal\unicodeWords.js">
        <metrics statements="43" coveredstatements="43" conditionals="0" coveredconditionals="0" methods="1" coveredmethods="1"/>
        <line num="2" count="2" type="stmt"/>
        <line num="3" count="2" type="stmt"/>
        <line num="4" count="2" type="stmt"/>
        <line num="5" count="2" type="stmt"/>
        <line num="6" count="2" type="stmt"/>
        <line num="7" count="2" type="stmt"/>
        <line num="8" count="2" type="stmt"/>
        <line num="9" count="2" type="stmt"/>
        <line num="10" count="2" type="stmt"/>
        <line num="11" count="2" type="stmt"/>
        <line num="12" count="2" type="stmt"/>
        <line num="13" count="2" type="stmt"/>
        <line num="14" count="2" type="stmt"/>
        <line num="15" count="2" type="stmt"/>
        <line num="16" count="2" type="stmt"/>
        <line num="17" count="2" type="stmt"/>
        <line num="20" count="2" type="stmt"/>
        <line num="21" count="2" type="stmt"/>
        <line num="22" count="2" type="stmt"/>
        <line num="23" count="2" type="stmt"/>
        <line num="24" count="2" type="stmt"/>
        <line num="25" count="2" type="stmt"/>
        <line num="26" count="2" type="stmt"/>
        <line num="27" count="2" type="stmt"/>
        <line num="28" count="2" type="stmt"/>
        <line num="29" count="2" type="stmt"/>
        <line num="30" count="2" type="stmt"/>
        <line num="31" count="2" type="stmt"/>
        <line num="32" count="2" type="stmt"/>
        <line num="33" count="2" type="stmt"/>
        <line num="36" count="2" type="stmt"/>
        <line num="37" count="2" type="stmt"/>
        <line num="38" count="2" type="stmt"/>
        <line num="39" count="2" type="stmt"/>
        <line num="40" count="2" type="stmt"/>
        <line num="41" count="2" type="stmt"/>
        <line num="42" count="2" type="stmt"/>
        <line num="43" count="2" type="stmt"/>
        <line num="44" count="2" type="stmt"/>
        <line num="45" count="2" type="stmt"/>
        <line num="46" count="2" type="stmt"/>
        <line num="48" count="2" type="stmt"/>
        <line num="67" count="3" type="stmt"/>
      </file>
    </package>
  </project>
</coverage>
