TN:
SF:src\ceil.js
FNF:0
FNH:0
DA:22,2
LF:1
LH:1
BRF:0
BRH:0
end_of_record
TN:
SF:src\every.js
FN:22,every
FNF:1
FNH:1
FNDA:8,every
DA:23,8
DA:24,8
DA:26,8
DA:27,17
DA:28,5
DA:31,3
DA:36,2
LF:7
LH:7
BRDA:24,0,0,1
BRDA:24,0,1,7
BRDA:27,1,0,5
BRDA:27,1,1,12
BRF:4
BRH:4
end_of_record
TN:
SF:src\filter.js
FN:24,filter
FNF:1
FNH:1
FNDA:8,filter
DA:25,8
DA:26,8
DA:27,8
DA:28,8
DA:30,8
DA:31,21
DA:32,21
DA:33,10
DA:36,8
LF:9
LH:9
BRDA:27,0,0,1
BRDA:27,0,1,7
BRDA:32,1,0,10
BRDA:32,1,1,11
BRF:4
BRH:4
end_of_record
TN:
SF:src\get.js
FN:27,get
FNF:1
FNH:1
FNDA:9,get
DA:28,9
DA:29,9
LF:2
LH:2
BRDA:28,0,0,1
BRDA:28,0,1,8
BRDA:29,1,0,7
BRDA:29,1,1,2
BRF:4
BRH:4
end_of_record
TN:
SF:src\isArguments.js
FN:19,isArguments
FNF:1
FNH:0
FNDA:0,isArguments
DA:20,0
LF:1
LH:0
BRDA:20,0,0,0
BRDA:20,0,1,0
BRF:2
BRH:0
end_of_record
TN:
SF:src\isArrayLike.js
FN:26,isArrayLike
FNF:1
FNH:1
FNDA:14,isArrayLike
DA:27,14
LF:1
LH:1
BRDA:27,0,0,14
BRDA:27,0,1,14
BRDA:27,0,2,14
BRF:3
BRH:3
end_of_record
TN:
SF:src\isBuffer.js
FN:33,(anonymous_0)
FNF:1
FNH:0
FNDA:0,(anonymous_0)
DA:4,2
DA:7,2
DA:10,2
DA:13,2
DA:16,2
DA:33,2
LF:6
LH:6
BRDA:4,0,0,2
BRDA:4,0,1,2
BRDA:4,0,2,2
BRDA:4,0,3,2
BRDA:7,1,0,2
BRDA:7,1,1,2
BRDA:7,1,2,2
BRDA:7,1,3,2
BRDA:7,1,4,2
BRDA:10,2,0,2
BRDA:10,2,1,2
BRDA:13,3,0,2
BRDA:13,3,1,0
BRDA:16,4,0,2
BRDA:16,4,1,0
BRDA:33,5,0,2
BRDA:33,5,1,0
BRF:17
BRH:14
end_of_record
TN:
SF:src\isLength.js
FN:28,isLength
FNF:1
FNH:1
FNDA:14,isLength
DA:2,2
DA:29,14
LF:2
LH:2
BRDA:29,0,0,14
BRDA:29,0,1,0
BRDA:29,0,2,0
BRDA:29,0,3,0
BRF:4
BRH:1
end_of_record
TN:
SF:src\isObject.js
FN:24,isObject
FNF:1
FNH:1
FNDA:13,isObject
DA:25,13
DA:26,13
LF:2
LH:2
BRDA:26,0,0,13
BRDA:26,0,1,13
BRDA:26,0,2,8
BRF:3
BRH:3
end_of_record
TN:
SF:src\isObjectLike.js
FN:23,isObjectLike
FNF:1
FNH:0
FNDA:0,isObjectLike
DA:24,0
LF:1
LH:0
BRDA:24,0,0,0
BRDA:24,0,1,0
BRF:2
BRH:0
end_of_record
TN:
SF:src\isSymbol.js
FN:18,isSymbol
FNF:1
FNH:1
FNDA:19,isSymbol
DA:19,19
DA:20,19
LF:2
LH:2
BRDA:20,0,0,19
BRDA:20,0,1,18
BRDA:20,0,2,4
BRDA:20,0,3,3
BRF:4
BRH:4
end_of_record
TN:
SF:src\isTypedArray.js
FN:27,(anonymous_0)
FN:28,(anonymous_1)
FNF:2
FNH:0
FNDA:0,(anonymous_0)
FNDA:0,(anonymous_1)
DA:6,2
DA:9,2
DA:26,2
DA:27,0
DA:28,0
LF:5
LH:3
BRDA:9,0,0,2
BRDA:9,0,1,2
BRDA:26,1,0,2
BRDA:26,1,1,0
BRDA:28,2,0,0
BRDA:28,2,1,0
BRF:6
BRH:3
end_of_record
TN:
SF:src\keys.js
FN:31,keys
FNF:1
FNH:1
FNDA:7,keys
DA:32,7
LF:1
LH:1
BRDA:32,0,0,0
BRDA:32,0,1,7
BRF:2
BRH:1
end_of_record
TN:
SF:src\memoize.js
FN:43,memoize
FN:47,(anonymous_1)
FNF:2
FNH:2
FNDA:5,memoize
FNDA:11,(anonymous_1)
DA:44,5
DA:45,1
DA:47,4
DA:48,11
DA:49,11
DA:51,11
DA:52,1
DA:54,10
DA:55,10
DA:56,10
DA:58,4
DA:59,4
DA:62,3
LF:13
LH:13
BRDA:44,0,0,1
BRDA:44,0,1,4
BRDA:44,1,0,5
BRDA:44,1,1,4
BRDA:44,1,2,2
BRDA:48,2,0,5
BRDA:48,2,1,6
BRDA:51,3,0,1
BRDA:51,3,1,10
BRDA:55,4,0,10
BRDA:55,4,1,0
BRDA:58,5,0,4
BRDA:58,5,1,0
BRF:13
BRH:11
end_of_record
TN:
SF:src\reduce.js
FN:39,reduce
FNF:1
FNH:1
FNDA:10,reduce
DA:40,10
DA:41,10
DA:42,10
LF:3
LH:3
BRDA:40,0,0,3
BRDA:40,0,1,7
BRF:2
BRH:2
end_of_record
TN:
SF:src\slice.js
FN:21,slice
FNF:1
FNH:1
FNDA:14,slice
DA:22,14
DA:23,14
DA:24,2
DA:26,12
DA:27,12
DA:29,12
DA:30,2
DA:32,12
DA:33,2
DA:35,12
DA:36,12
DA:38,12
DA:39,12
DA:40,12
DA:41,33
DA:43,12
LF:16
LH:16
BRDA:22,0,0,1
BRDA:22,0,1,13
BRDA:23,1,0,2
BRDA:23,1,1,12
BRDA:26,2,0,1
BRDA:26,2,1,11
BRDA:27,3,0,6
BRDA:27,3,1,6
BRDA:29,4,0,2
BRDA:29,4,1,10
BRDA:30,5,0,1
BRDA:30,5,1,1
BRDA:32,6,0,2
BRDA:32,6,1,10
BRDA:35,7,0,1
BRDA:35,7,1,11
BRF:16
BRH:16
end_of_record
TN:
SF:src\toNumber.js
FN:44,toNumber
FNF:1
FNH:1
FNDA:12,toNumber
DA:5,2
DA:8,2
DA:11,2
DA:14,2
DA:17,2
DA:20,2
DA:45,12
DA:46,1
DA:48,11
DA:49,1
DA:51,10
DA:52,3
DA:53,3
DA:55,10
DA:56,2
DA:58,8
DA:59,8
DA:60,8
LF:18
LH:18
BRDA:45,0,0,1
BRDA:45,0,1,11
BRDA:48,1,0,1
BRDA:48,1,1,10
BRDA:51,2,0,3
BRDA:51,2,1,7
BRDA:52,3,0,3
BRDA:52,3,1,0
BRDA:53,4,0,2
BRDA:53,4,1,1
BRDA:55,5,0,2
BRDA:55,5,1,8
BRDA:56,6,0,0
BRDA:56,6,1,2
BRDA:60,7,0,0
BRDA:60,7,1,8
BRDA:60,8,0,8
BRDA:60,8,1,8
BRDA:61,9,0,0
BRDA:61,9,1,0
BRDA:62,10,0,0
BRDA:62,10,1,8
BRF:22
BRH:16
end_of_record
TN:
SF:src\upperFirst.js
FNF:0
FNH:0
DA:19,2
LF:1
LH:1
BRF:0
BRH:0
end_of_record
TN:
SF:src\words.js
FN:10,asciiWords
FN:30,words
FNF:2
FNH:2
FNDA:2,asciiWords
FNDA:8,words
DA:3,2
DA:8,2
DA:11,2
DA:31,8
DA:32,5
DA:33,4
DA:35,3
LF:7
LH:7
BRDA:31,0,0,5
BRDA:31,0,1,3
BRDA:32,1,0,3
BRDA:32,1,1,2
BRDA:33,2,0,4
BRDA:33,2,1,1
BRDA:35,3,0,3
BRDA:35,3,1,2
BRF:8
BRH:8
end_of_record
TN:
SF:src\.internal\arrayLikeKeys.js
FN:17,arrayLikeKeys
FNF:1
FNH:0
FNDA:0,arrayLikeKeys
DA:7,2
DA:18,0
DA:19,0
DA:20,0
DA:21,0
DA:22,0
DA:23,0
DA:24,0
DA:25,0
DA:26,0
DA:27,0
DA:29,0
DA:30,0
DA:37,0
DA:40,0
LF:15
LH:1
BRDA:19,0,0,0
BRDA:19,0,1,0
BRDA:20,1,0,0
BRDA:20,1,1,0
BRDA:20,1,2,0
BRDA:21,2,0,0
BRDA:21,2,1,0
BRDA:21,2,2,0
BRDA:21,2,3,0
BRDA:22,3,0,0
BRDA:22,3,1,0
BRDA:22,3,2,0
BRDA:22,3,3,0
BRDA:24,4,0,0
BRDA:24,4,1,0
BRDA:25,5,0,0
BRDA:25,5,1,0
BRDA:30,6,0,0
BRDA:30,6,1,0
BRDA:30,7,0,0
BRDA:30,7,1,0
BRDA:30,7,2,0
BRDA:31,8,0,0
BRDA:31,8,1,0
BRDA:31,8,2,0
BRF:25
BRH:0
end_of_record
TN:
SF:src\.internal\arrayReduce.js
FN:12,arrayReduce
FNF:1
FNH:1
FNDA:3,arrayReduce
DA:13,3
DA:14,3
DA:16,3
DA:17,2
DA:19,3
DA:20,4
DA:22,2
LF:7
LH:7
BRDA:14,0,0,0
BRDA:14,0,1,3
BRDA:16,1,0,2
BRDA:16,1,1,1
BRDA:16,2,0,3
BRDA:16,2,1,2
BRF:6
BRH:5
end_of_record
TN:
SF:src\.internal\asciiToArray.js
FN:8,asciiToArray
FNF:1
FNH:0
FNDA:0,asciiToArray
DA:9,0
LF:1
LH:0
BRF:0
BRH:0
end_of_record
TN:
SF:src\.internal\baseEach.js
FN:12,baseEach
FNF:1
FNH:1
FNDA:7,baseEach
DA:13,7
DA:14,0
DA:16,7
DA:17,7
DA:19,0
DA:20,0
DA:21,0
DA:23,0
DA:24,0
DA:25,0
DA:28,0
LF:11
LH:3
BRDA:13,0,0,0
BRDA:13,0,1,7
BRDA:16,1,0,7
BRDA:16,1,1,0
BRDA:24,2,0,0
BRDA:24,2,1,0
BRF:6
BRH:2
end_of_record
TN:
SF:src\.internal\baseFor.js
FN:12,baseFor
FNF:1
FNH:1
FNDA:7,baseFor
DA:13,7
DA:14,7
DA:15,7
DA:16,7
DA:18,7
DA:19,34
DA:20,34
DA:21,0
DA:24,7
LF:9
LH:8
BRDA:20,0,0,0
BRDA:20,0,1,34
BRF:2
BRH:1
end_of_record
TN:
SF:src\.internal\baseForOwn.js
FN:12,baseForOwn
FNF:1
FNH:1
FNDA:7,baseForOwn
DA:13,7
LF:1
LH:1
BRDA:13,0,0,7
BRDA:13,0,1,7
BRF:2
BRH:2
end_of_record
TN:
SF:src\.internal\baseGet.js
FN:12,baseGet
FNF:1
FNH:1
FNDA:8,baseGet
DA:13,8
DA:15,8
DA:16,8
DA:18,8
DA:19,15
DA:21,8
LF:6
LH:6
BRDA:18,0,0,23
BRDA:18,0,1,17
BRDA:21,1,0,7
BRDA:21,1,1,1
BRDA:21,2,0,8
BRDA:21,2,1,8
BRF:6
BRH:6
end_of_record
TN:
SF:src\.internal\baseReduce.js
FN:14,baseReduce
FN:15,(anonymous_1)
FNF:2
FNH:2
FNDA:7,baseReduce
FNDA:34,(anonymous_1)
DA:15,7
DA:16,34
DA:20,7
LF:3
LH:3
BRDA:16,0,0,1
BRDA:16,0,1,33
BRF:2
BRH:2
end_of_record
TN:
SF:src\.internal\castPath.js
FN:12,castPath
FNF:1
FNH:1
FNDA:8,castPath
DA:13,8
DA:14,1
DA:16,7
LF:3
LH:3
BRDA:13,0,0,1
BRDA:13,0,1,7
BRDA:16,1,0,2
BRDA:16,1,1,5
BRF:4
BRH:4
end_of_record
TN:
SF:src\.internal\castSlice.js
FN:12,castSlice
FNF:1
FNH:0
FNDA:0,castSlice
DA:13,0
DA:14,0
DA:15,0
LF:3
LH:0
BRDA:14,0,0,0
BRDA:14,0,1,0
BRDA:15,1,0,0
BRDA:15,1,1,0
BRDA:15,2,0,0
BRDA:15,2,1,0
BRF:6
BRH:0
end_of_record
TN:
SF:src\.internal\createCaseFirst.js
FN:12,createCaseFirst
FN:13,(anonymous_1)
FNF:2
FNH:2
FNDA:2,createCaseFirst
FNDA:5,(anonymous_1)
DA:13,2
DA:14,5
DA:15,0
DA:18,5
DA:22,5
DA:26,5
DA:30,4
LF:7
LH:6
BRDA:14,0,0,0
BRDA:14,0,1,5
BRDA:18,1,0,0
BRDA:18,1,1,5
BRDA:22,2,0,0
BRDA:22,2,1,5
BRDA:26,3,0,0
BRDA:26,3,1,5
BRF:8
BRH:4
end_of_record
TN:
SF:src\.internal\createRound.js
FN:8,createRound
FN:10,(anonymous_1)
FNF:2
FNH:2
FNDA:2,createRound
FNDA:6,(anonymous_1)
DA:9,2
DA:10,2
DA:11,6
DA:12,6
DA:15,3
DA:16,3
DA:18,3
DA:19,3
DA:21,3
LF:9
LH:9
BRDA:11,0,0,2
BRDA:11,0,1,4
BRDA:11,1,0,2
BRDA:11,1,1,2
BRDA:12,2,0,3
BRDA:12,2,1,3
BRF:6
BRH:6
end_of_record
TN:
SF:src\.internal\freeGlobal.js
FNF:0
FNH:0
DA:2,2
LF:1
LH:1
BRDA:2,0,0,2
BRDA:2,0,1,2
BRDA:2,0,2,2
BRDA:2,0,3,2
BRF:4
BRH:4
end_of_record
TN:
SF:src\.internal\getTag.js
FN:10,getTag
FNF:1
FNH:1
FNDA:3,getTag
DA:1,4
DA:11,3
DA:12,0
DA:14,3
LF:4
LH:3
BRDA:11,0,0,0
BRDA:11,0,1,3
BRDA:12,1,0,0
BRDA:12,1,1,0
BRF:4
BRH:1
end_of_record
TN:
SF:src\.internal\hasUnicode.js
FN:24,hasUnicode
FNF:1
FNH:1
FNDA:5,hasUnicode
DA:2,2
DA:3,2
DA:4,2
DA:5,2
DA:6,2
DA:7,2
DA:8,2
DA:9,2
DA:12,2
DA:15,2
DA:25,5
LF:11
LH:11
BRF:0
BRH:0
end_of_record
TN:
SF:src\.internal\isIndex.js
FN:15,isIndex
FNF:1
FNH:0
FNDA:0,isIndex
DA:2,2
DA:5,2
DA:16,0
DA:17,0
DA:19,0
LF:5
LH:2
BRDA:17,0,0,0
BRDA:17,0,1,0
BRDA:19,1,0,0
BRDA:19,1,1,0
BRDA:19,1,2,0
BRDA:19,1,3,0
BRDA:19,1,4,0
BRDA:19,1,5,0
BRDA:19,1,6,0
BRF:9
BRH:0
end_of_record
TN:
SF:src\.internal\isKey.js
FN:15,isKey
FNF:1
FNH:1
FNDA:7,isKey
DA:4,2
DA:5,2
DA:16,7
DA:17,0
DA:19,7
DA:20,7
DA:21,2
DA:23,5
LF:8
LH:7
BRDA:16,0,0,0
BRDA:16,0,1,7
BRDA:20,1,0,2
BRDA:20,1,1,5
BRDA:20,2,0,7
BRDA:20,2,1,6
BRDA:20,2,2,6
BRDA:20,2,3,5
BRDA:23,3,0,5
BRDA:23,3,1,5
BRDA:23,3,2,5
BRDA:23,3,3,5
BRF:12
BRH:11
end_of_record
TN:
SF:src\.internal\memoizeCapped.js
FN:14,memoizeCapped
FN:15,(anonymous_1)
FNF:2
FNH:2
FNDA:2,memoizeCapped
FNDA:5,(anonymous_1)
DA:4,2
DA:15,2
DA:16,5
DA:17,5
DA:18,0
DA:20,5
DA:23,2
LF:7
LH:6
BRDA:17,0,0,0
BRDA:17,0,1,5
BRF:2
BRH:1
end_of_record
TN:
SF:src\.internal\nodeTypes.js
FN:16,(anonymous_0)
FNF:1
FNH:1
FNDA:2,(anonymous_0)
DA:4,2
DA:7,2
DA:10,2
DA:13,2
DA:16,2
DA:17,2
DA:20,2
DA:21,2
LF:8
LH:8
BRDA:4,0,0,2
BRDA:4,0,1,2
BRDA:4,0,2,2
BRDA:4,0,3,2
BRDA:7,1,0,2
BRDA:7,1,1,2
BRDA:7,1,2,2
BRDA:7,1,3,2
BRDA:7,1,4,2
BRDA:10,2,0,2
BRDA:10,2,1,2
BRDA:13,3,0,2
BRDA:13,3,1,2
BRDA:20,4,0,2
BRDA:20,4,1,2
BRDA:20,4,2,2
BRDA:21,5,0,2
BRDA:21,5,1,0
BRDA:24,6,0,0
BRDA:24,6,1,0
BRDA:24,6,2,0
BRF:21
BRH:17
end_of_record
TN:
SF:src\.internal\root.js
FNF:0
FNH:0
DA:5,2
DA:8,2
DA:11,2
LF:3
LH:3
BRDA:5,0,0,2
BRDA:5,0,1,2
BRDA:5,0,2,2
BRDA:5,0,3,2
BRDA:8,1,0,2
BRDA:8,1,1,0
BRDA:8,1,2,0
BRDA:8,1,3,0
BRDA:11,2,0,2
BRDA:11,2,1,0
BRDA:11,2,2,0
BRDA:11,2,3,0
BRF:12
BRH:6
end_of_record
TN:
SF:src\.internal\stringToArray.js
FN:12,stringToArray
FNF:1
FNH:0
FNDA:0,stringToArray
DA:13,0
LF:1
LH:0
BRDA:13,0,0,0
BRDA:13,0,1,0
BRF:2
BRH:0
end_of_record
TN:
SF:src\.internal\stringToPath.js
FN:26,(anonymous_0)
FN:31,(anonymous_1)
FNF:2
FNH:2
FNDA:5,(anonymous_0)
FNDA:13,(anonymous_1)
DA:3,2
DA:4,2
DA:5,2
DA:26,2
DA:27,5
DA:28,5
DA:29,0
DA:31,5
DA:32,13
DA:33,13
DA:34,0
DA:36,13
DA:37,5
DA:39,13
DA:41,5
LF:15
LH:13
BRDA:28,0,0,0
BRDA:28,0,1,5
BRDA:33,1,0,0
BRDA:33,1,1,13
BRDA:36,2,0,5
BRDA:36,2,1,8
BRF:6
BRH:4
end_of_record
TN:
SF:src\.internal\toKey.js
FN:13,toKey
FNF:1
FNH:1
FNDA:15,toKey
DA:4,2
DA:14,15
DA:15,12
DA:17,3
DA:18,3
LF:5
LH:5
BRDA:14,0,0,12
BRDA:14,0,1,3
BRDA:14,1,0,15
BRDA:14,1,1,3
BRDA:18,2,0,0
BRDA:18,2,1,3
BRDA:18,3,0,3
BRDA:18,3,1,1
BRF:8
BRH:7
end_of_record
TN:
SF:src\.internal\unicodeToArray.js
FN:39,unicodeToArray
FNF:1
FNH:0
FNDA:0,unicodeToArray
DA:2,2
DA:3,2
DA:4,2
DA:5,2
DA:6,2
DA:7,2
DA:8,2
DA:9,2
DA:12,2
DA:13,2
DA:14,2
DA:15,2
DA:16,2
DA:17,2
DA:18,2
DA:19,2
DA:22,2
DA:23,2
DA:24,2
DA:25,2
DA:26,2
DA:27,2
DA:30,2
DA:40,0
LF:24
LH:23
BRDA:40,0,0,0
BRDA:40,0,1,0
BRF:2
BRH:0
end_of_record
TN:
SF:src\.internal\unicodeWords.js
FN:66,unicodeWords
FNF:1
FNH:1
FNDA:3,unicodeWords
DA:2,2
DA:3,2
DA:4,2
DA:5,2
DA:6,2
DA:7,2
DA:8,2
DA:9,2
DA:10,2
DA:11,2
DA:12,2
DA:13,2
DA:14,2
DA:15,2
DA:16,2
DA:17,2
DA:20,2
DA:21,2
DA:22,2
DA:23,2
DA:24,2
DA:25,2
DA:26,2
DA:27,2
DA:28,2
DA:29,2
DA:30,2
DA:31,2
DA:32,2
DA:33,2
DA:36,2
DA:37,2
DA:38,2
DA:39,2
DA:40,2
DA:41,2
DA:42,2
DA:43,2
DA:44,2
DA:45,2
DA:46,2
DA:48,2
DA:67,3
LF:43
LH:43
BRF:0
BRH:0
end_of_record
